<?xml version="1.0" encoding="UTF-8"?>
<testng-results skipped="0" failed="0" ignored="4" total="10" passed="6">
  <reporter-output>
  </reporter-output>
  <suite name="Suite" duration-ms="41694" started-at="2018-08-28T07:22:59Z" finished-at="2018-08-28T07:23:41Z">
    <groups>
      <group name="T1">
        <method signature="Login.login()[pri:1, instance:com.gmail.login.Login@58651fd0]" name="login" class="com.gmail.login.Login"/>
      </group> <!-- T1 -->
      <group name="T2">
        <method signature="DeleteSentMail.deleteSentMail()[pri:5, instance:com.gmail.mail.DeleteSentMail@548a9f61]" name="deleteSentMail" class="com.gmail.mail.DeleteSentMail"/>
        <method signature="SendMail.composeMailAttachment()[pri:3, instance:com.gmail.mail.SendMail@4f933fd1]" name="composeMailAttachment" class="com.gmail.mail.SendMail"/>
        <method signature="SendMail.composeMailBtnClick()[pri:1, instance:com.gmail.mail.SendMail@4f933fd1]" name="composeMailBtnClick" class="com.gmail.mail.SendMail"/>
        <method signature="SendMail.composeToFrom()[pri:2, instance:com.gmail.mail.SendMail@4f933fd1]" name="composeToFrom" class="com.gmail.mail.SendMail"/>
        <method signature="SendMail.sendMail()[pri:4, instance:com.gmail.mail.SendMail@4f933fd1]" name="sendMail" class="com.gmail.mail.SendMail"/>
      </group> <!-- T2 -->
    </groups>
    <test name="Gmail Login" duration-ms="41694" started-at="2018-08-28T07:22:59Z" finished-at="2018-08-28T07:23:41Z">
      <class name="com.gmail.login.Login">
        <test-method status="PASS" signature="getDriver()[pri:0, instance:com.gmail.login.Login@58651fd0]" name="getDriver" is-config="true" duration-ms="3084" started-at="2018-08-28T12:52:56Z" finished-at="2018-08-28T12:52:59Z">
          <reporter-output>
          </reporter-output>
        </test-method> <!-- getDriver -->
        <test-method status="PASS" signature="openBrowser()[pri:0, instance:com.gmail.login.Login@58651fd0]" name="openBrowser" is-config="true" duration-ms="5699" started-at="2018-08-28T12:52:59Z" finished-at="2018-08-28T12:53:05Z">
          <reporter-output>
          </reporter-output>
        </test-method> <!-- openBrowser -->
        <test-method status="PASS" signature="login()[pri:1, instance:com.gmail.login.Login@58651fd0]" name="login" duration-ms="1465" started-at="2018-08-28T12:53:05Z" finished-at="2018-08-28T12:53:06Z">
          <reporter-output>
          </reporter-output>
        </test-method> <!-- login -->
      </class> <!-- com.gmail.login.Login -->
      <class name="com.gmail.mail.DeleteSentMail">
        <test-method status="PASS" signature="deleteSentMail()[pri:5, instance:com.gmail.mail.DeleteSentMail@548a9f61]" name="deleteSentMail" duration-ms="7276" started-at="2018-08-28T12:53:33Z" finished-at="2018-08-28T12:53:41Z">
          <reporter-output>
          </reporter-output>
        </test-method> <!-- deleteSentMail -->
      </class> <!-- com.gmail.mail.DeleteSentMail -->
      <class name="com.gmail.mail.SendMail">
        <test-method status="PASS" signature="composeMailBtnClick()[pri:1, instance:com.gmail.mail.SendMail@4f933fd1]" name="composeMailBtnClick" duration-ms="11816" started-at="2018-08-28T12:53:06Z" finished-at="2018-08-28T12:53:18Z">
          <reporter-output>
          </reporter-output>
        </test-method> <!-- composeMailBtnClick -->
        <test-method status="PASS" signature="composeToFrom()[pri:2, instance:com.gmail.mail.SendMail@4f933fd1]" name="composeToFrom" duration-ms="1835" started-at="2018-08-28T12:53:18Z" finished-at="2018-08-28T12:53:20Z">
          <reporter-output>
          </reporter-output>
        </test-method> <!-- composeToFrom -->
        <test-method status="PASS" signature="composeMailAttachment()[pri:3, instance:com.gmail.mail.SendMail@4f933fd1]" name="composeMailAttachment" duration-ms="5140" started-at="2018-08-28T12:53:20Z" finished-at="2018-08-28T12:53:25Z">
          <reporter-output>
          </reporter-output>
        </test-method> <!-- composeMailAttachment -->
        <test-method status="PASS" signature="sendMail()[pri:4, instance:com.gmail.mail.SendMail@4f933fd1]" name="sendMail" duration-ms="8298" started-at="2018-08-28T12:53:25Z" finished-at="2018-08-28T12:53:33Z">
          <reporter-output>
          </reporter-output>
        </test-method> <!-- sendMail -->
      </class> <!-- com.gmail.mail.SendMail -->
    </test> <!-- Gmail Login -->
  </suite> <!-- Suite -->
</testng-results>
