<?xml version="1.0" encoding="UTF-8"?>
<testng-results skipped="0" failed="0" ignored="0" total="1" passed="1">
  <reporter-output>
  </reporter-output>
  <suite name="Default suite" duration-ms="22399" started-at="2018-07-24T11:22:06Z" finished-at="2018-07-24T11:22:28Z">
    <groups>
    </groups>
    <test name="Default test" duration-ms="22399" started-at="2018-07-24T11:22:06Z" finished-at="2018-07-24T11:22:28Z">
      <class name="com.gmail.login.Test1">
        <test-method status="PASS" signature="assertTitle()[pri:5, instance:com.gmail.login.Test1@7c0e2abd]" name="assertTitle" duration-ms="22384" started-at="2018-07-24T16:52:06Z" finished-at="2018-07-24T16:52:28Z">
          <reporter-output>
          </reporter-output>
        </test-method> <!-- assertTitle -->
      </class> <!-- com.gmail.login.Test1 -->
    </test> <!-- Default test -->
  </suite> <!-- Default suite -->
</testng-results>
