<?xml version="1.0" encoding="UTF-8"?>
<!-- Generated by org.testng.reporters.JUnitXMLReporter -->
<testsuite hostname="BHAVNAWKS086" ignored="2" name="Gmail Login" tests="2" failures="0" timestamp="21 Aug 2018 14:20:57 GMT" time="25.978" errors="0">
  <testcase name="login" time="1.775" classname="com.gmail.login.Login"/>
  <testcase name="deleteSentMail" time="18.346" classname="com.gmail.mail.DeleteSentMail"/>
  <testcase name="@BeforeSuite getDriver" time="0.0" classname="com.gmail.base.StartBrowser">
    <ignored/>
  </testcase> <!-- @BeforeSuite getDriver -->
  <testcase name="@BeforeTest openBrowser" time="0.0" classname="com.gmail.base.StartBrowser">
    <ignored/>
  </testcase> <!-- @BeforeTest openBrowser -->
</testsuite> <!-- Gmail Login -->
