<?xml version="1.0" encoding="UTF-8"?>
<!-- Generated by org.testng.reporters.JUnitXMLReporter -->
<testsuite hostname="BHAVNAWKS086" ignored="0" name="Gmail Login" tests="5" failures="1" timestamp="03 Aug 2018 14:05:56 GMT" time="28.353" errors="0">
  <testcase name="login" time="1.439" classname="com.gmail.login.Login">
    <failure type="java.lang.AssertionError" message="expected [https://accounts.google.com/signin/v2/sl/pwd?service=mail&amp;amp;passive=true&amp;amp;rm=false&amp;amp;continue=https%3A%2F%2Fmail.google.com%2Fmail%2F&amp;amp;ss=1&amp;amp;scc=1&amp;amp;ltmpl=default&amp;amp;ltmplcache=2&amp;amp;emr=1&amp;amp;osid=1&amp;amp;flowName=GlifWebSignIn&amp;amp;flowEntry=ServiceLogin&amp;amp;cid=1&amp;amp;navigationDirection=forward] but found [hasgdhgdhas]">
      <![CDATA[java.lang.AssertionError: expected [https://accounts.google.com/signin/v2/sl/pwd?service=mail&passive=true&rm=false&continue=https%3A%2F%2Fmail.google.com%2Fmail%2F&ss=1&scc=1&ltmpl=default&ltmplcache=2&emr=1&osid=1&flowName=GlifWebSignIn&flowEntry=ServiceLogin&cid=1&navigationDirection=forward] but found [hasgdhgdhas]
	at com.gmail.login.Login.login(Login.java:48)
... Removed 31 stack frames]]>
    </failure>
  </testcase> <!-- login -->
  <testcase name="composeMailBtnClick" time="3.834" classname="com.gmail.mail.SendMail"/>
  <testcase name="composeToFrom" time="6.471" classname="com.gmail.mail.SendMail"/>
  <testcase name="composeMailAttachment" time="5.124" classname="com.gmail.mail.SendMail"/>
  <testcase name="sendMail" time="6.073" classname="com.gmail.mail.SendMail"/>
</testsuite> <!-- Gmail Login -->
