<?xml version="1.0" encoding="UTF-8"?>
<!-- Generated by org.testng.reporters.JUnitXMLReporter -->
<testsuite hostname="BHAVNAWKS086" ignored="1" name="Test" tests="1" failures="1" timestamp="04 Jul 2018 04:40:35 GMT" time="0.023" errors="0">
  <testcase name="login" time="0.008" classname="com.irctc.login.Login">
    <failure type="java.lang.NullPointerException">
      <![CDATA[java.lang.NullPointerException
	at com.irctc.login.Login.login(Login.java:19)
... Removed 25 stack frames]]>
    </failure>
  </testcase> <!-- login -->
  <testcase name="logout" time="0.0" classname="com.irctc.login.Login">
    <ignored/>
  </testcase> <!-- logout -->
</testsuite> <!-- Test -->
